[09:26:13] [main/INFO] [com.velocitypowered.proxy.VelocityServer]: Booting up Velocity 3.3.0-SNAPSHOT (git-350ea7f3-b398)...
[09:26:13] [main/INFO] [com.velocitypowered.proxy.VelocityServer]: Loading localizations...
[09:26:13] [main/INFO] [com.velocitypowered.proxy.network.ConnectionManager]: Connections will use epoll channels, libdeflate (Linux x86_64) compression, OpenSSL 1.1.x (Linux x86_64) ciphers
[09:26:13] [main/WARN] [com.velocitypowered.proxy.config.VelocityConfiguration]: The proxy is running in offline mode! This is a security risk and you will NOT receive any support!
[09:26:14] [main/INFO] [com.velocitypowered.proxy.VelocityServer]: Loading plugins...
[09:26:14] [main/ERROR] [com.velocitypowered.proxy.console.VelocityConsole]: :>:>:>:>:>:>:>:>:>:>:>:>:>:>:>:>:>:>:>:>:>:>:>
[09:26:14] [main/ERROR] [com.velocitypowered.proxy.console.VelocityConsole]: :>  
[09:26:14] [main/ERROR] [com.velocitypowered.proxy.console.VelocityConsole]: :>      EAGLERCRAFTXVELOCITY WARNING:
[09:26:14] [main/ERROR] [com.velocitypowered.proxy.console.VelocityConsole]: :>  
[09:26:14] [main/ERROR] [com.velocitypowered.proxy.console.VelocityConsole]: :>  This plugin wasn't tested to be 'working'
[09:26:14] [main/ERROR] [com.velocitypowered.proxy.console.VelocityConsole]: :>  with ANY version of Velocity (and forks)
[09:26:14] [main/ERROR] [com.velocitypowered.proxy.console.VelocityConsole]: :>  apart from the versions listed below:
[09:26:14] [main/ERROR] [com.velocitypowered.proxy.console.VelocityConsole]: :>  
[09:26:14] [main/ERROR] [com.velocitypowered.proxy.console.VelocityConsole]: :>  - Velocity: 3.3.0-SNAPSHOT:07f1f9e7:b396
[09:26:14] [main/ERROR] [com.velocitypowered.proxy.console.VelocityConsole]: :>  
[09:26:14] [main/ERROR] [com.velocitypowered.proxy.console.VelocityConsole]: :>  This is not a Bukkit/Spigot plugin!
[09:26:14] [main/ERROR] [com.velocitypowered.proxy.console.VelocityConsole]: :>  
[09:26:14] [main/ERROR] [com.velocitypowered.proxy.console.VelocityConsole]: :>  Use "-Deaglerxvelocity.stfu=true" to hide
[09:26:14] [main/ERROR] [com.velocitypowered.proxy.console.VelocityConsole]: :>  
[09:26:14] [main/ERROR] [com.velocitypowered.proxy.console.VelocityConsole]: :>:>:>:>:>:>:>:>:>:>:>:>:>:>:>:>:>:>:>:>:>:>:>
[09:26:14] [main/INFO] [com.velocitypowered.proxy.plugin.VelocityPluginManager]: Loaded plugin eaglerxvelocity 1.0.4 by lax1dude, ayunami2000
[09:26:14] [main/INFO] [com.velocitypowered.proxy.VelocityServer]: Loaded 1 plugins
[09:26:14] [Velocity Async Event Executor - #0/WARN] [eaglerxvelocity]: This plugin is still in development, certain features may not be functional!
[09:26:14] [Velocity Async Event Executor - #0/WARN] [eaglerxvelocity]: Not recommended for public servers yet, please check for updates
[09:26:14] [Velocity Async Event Executor - #0/INFO] [eaglerxvelocity]: Loading vanilla profile: Azumo
[09:26:15] [Netty epoll Worker #0/ERROR] [eaglerxvelocity]: Recieved code 429 while looking up UUID of Azumo
[09:26:15] [Velocity Async Event Executor - #0/ERROR] [eaglerxvelocity]: Online mode is set to false! Authentication system has been disabled
[09:26:15] [Netty epoll Boss #0/INFO] [eaglerxvelocity]: Eaglercraft is listening on: /0.0.0.0:8081
[09:26:15] [Velocity Async Event Executor - #0/INFO] [eaglerxvelocity]: Connected to database: jdbc:sqlite:eaglercraft_skins_cache.db
[09:26:15] [Velocity Async Event Executor - #0/INFO] [eaglerxvelocity]: Voice chat disabled, add "allow_voice: true" to your listeners to enable
[09:26:15] [Netty epoll Boss #1/INFO] [com.velocitypowered.proxy.network.ConnectionManager]: Listening on /[0:0:0:0:0:0:0:0%0]:25577
[09:26:15] [main/INFO] [com.velocitypowered.proxy.Velocity]: Done (2.12s)!
[09:26:15] [EaglerXVelocity: Network Tick Tasks/INFO] [eaglerxvelocity]: Loaded certificate: /workspaces/snaped-dump/plugins/eaglerxvelocity/eagcert/$dl.006172f063140eb5c7b53901b6451a819cf69b0c.cert
[09:26:21] [Netty epoll Worker #0/INFO] [eaglerxvelocity]: [/[0:0:0:0:0:0:0:1%0]:42534]: Connected via websocket
[09:26:21] [Netty epoll Worker #0/INFO] [eaglerxvelocity]: [/[0:0:0:0:0:0:0:1%0]:42534]: Origin header is null
[09:26:21] [Netty epoll Worker #0/INFO] [eaglerxvelocity]: [connected player] NotJunar (/[0:0:0:0:0:0:0:1%0]:42534) has connected
[09:26:21] [Netty epoll Worker #0/INFO] [com.velocitypowered.proxy.connection.MinecraftConnection]: [server connection] NotJunar -> lobby has connected
[09:27:10] [Netty epoll Worker #0/INFO] [com.velocitypowered.proxy.connection.MinecraftConnection]: [server connection] NotJunar -> skyblock has connected
[09:27:10] [Netty epoll Worker #0/INFO] [com.velocitypowered.proxy.connection.MinecraftConnection]: [server connection] NotJunar -> lobby has disconnected
